TN:
SF:src/adapters/input/controllers/MiniRutterController.ts
FN:11,(anonymous_4)
FN:18,(anonymous_5)
FN:28,(anonymous_6)
FNF:3
FNH:3
FNDA:4,(anonymous_4)
FNDA:3,(anonymous_5)
FNDA:3,(anonymous_6)
DA:1,1
DA:2,1
DA:10,1
DA:12,4
DA:13,4
DA:18,1
DA:19,3
DA:20,3
DA:22,2
DA:23,2
DA:28,1
DA:29,3
DA:30,3
DA:32,2
DA:33,2
LF:15
LH:15
BRF:0
BRH:0
end_of_record
TN:
SF:src/adapters/input/controllers/ShopifySyncController.ts
FN:11,(anonymous_4)
FN:17,(anonymous_5)
FN:36,(anonymous_6)
FNF:3
FNH:3
FNDA:4,(anonymous_4)
FNDA:3,(anonymous_5)
FNDA:3,(anonymous_6)
DA:1,1
DA:2,1
DA:8,1
DA:12,4
DA:13,4
DA:17,1
DA:18,3
DA:19,3
DA:21,3
DA:22,2
DA:25,1
DA:30,2
DA:31,2
DA:36,1
DA:37,3
DA:38,3
DA:40,3
DA:41,2
DA:44,1
DA:49,2
DA:50,2
LF:21
LH:21
BRF:0
BRH:0
end_of_record
TN:
SF:src/adapters/input/shopify/ShopifyRepository.ts
FN:7,(anonymous_0)
FN:13,(anonymous_1)
FN:27,(anonymous_2)
FN:41,(anonymous_3)
FN:68,(anonymous_4)
FNF:5
FNH:5
FNDA:4,(anonymous_0)
FNDA:2,(anonymous_1)
FNDA:1,(anonymous_2)
FNDA:2,(anonymous_3)
FNDA:1,(anonymous_4)
DA:5,1
DA:7,1
DA:8,4
DA:9,4
DA:10,4
DA:11,4
DA:14,2
DA:16,2
DA:17,3
DA:18,3
DA:21,3
DA:24,3
DA:25,3
DA:27,1
DA:28,1
DA:29,1
DA:33,2
DA:37,3
DA:42,2
DA:44,2
DA:45,3
DA:46,3
DA:49,3
DA:52,3
DA:54,3
DA:55,1
DA:56,1
DA:58,2
DA:62,3
DA:65,3
DA:66,3
DA:68,1
DA:69,1
DA:70,1
DA:74,2
LF:35
LH:35
BRDA:25,0,0,1
BRDA:25,0,1,2
BRDA:25,1,0,3
BRDA:25,1,1,1
BRDA:28,2,0,1
BRDA:29,3,0,1
BRDA:29,3,1,0
BRDA:29,4,0,0
BRDA:29,4,1,1
BRDA:29,5,0,1
BRDA:29,5,1,1
BRDA:44,6,0,5
BRDA:44,6,1,3
BRDA:54,7,0,1
BRDA:54,7,1,2
BRDA:66,8,0,1
BRDA:66,8,1,2
BRDA:66,9,0,3
BRDA:66,9,1,1
BRDA:69,10,0,1
BRDA:70,11,0,1
BRDA:70,11,1,0
BRDA:70,12,0,0
BRDA:70,12,1,1
BRDA:70,13,0,1
BRDA:70,13,1,1
BRF:26
BRH:22
end_of_record
TN:
SF:src/adapters/input/shopify/dto/ShopifyOrderDTO.ts
FN:2,(anonymous_0)
FN:91,(anonymous_1)
FN:123,(anonymous_2)
FN:130,(anonymous_3)
FN:137,(anonymous_4)
FN:147,(anonymous_5)
FN:158,(anonymous_6)
FN:170,(anonymous_7)
FNF:8
FNH:8
FNDA:8,(anonymous_0)
FNDA:8,(anonymous_1)
FNDA:93,(anonymous_2)
FNDA:186,(anonymous_3)
FNDA:7,(anonymous_4)
FNDA:7,(anonymous_5)
FNDA:1,(anonymous_6)
FNDA:1,(anonymous_7)
DA:1,3
DA:3,8
DA:4,8
DA:5,8
DA:6,8
DA:7,8
DA:8,8
DA:9,8
DA:10,8
DA:11,8
DA:12,8
DA:13,8
DA:14,8
DA:15,8
DA:16,8
DA:17,8
DA:18,8
DA:19,8
DA:20,8
DA:21,8
DA:22,8
DA:23,8
DA:24,8
DA:25,8
DA:26,8
DA:27,8
DA:28,8
DA:29,8
DA:30,8
DA:31,8
DA:32,8
DA:33,8
DA:34,8
DA:35,8
DA:36,8
DA:37,8
DA:38,8
DA:39,8
DA:40,8
DA:41,8
DA:42,8
DA:43,8
DA:44,8
DA:45,8
DA:46,8
DA:47,8
DA:48,8
DA:49,8
DA:50,8
DA:51,8
DA:52,8
DA:53,8
DA:54,8
DA:55,8
DA:56,8
DA:57,8
DA:58,8
DA:59,8
DA:60,8
DA:61,8
DA:62,8
DA:63,8
DA:64,8
DA:65,8
DA:66,8
DA:67,8
DA:68,8
DA:69,8
DA:70,8
DA:71,8
DA:72,8
DA:73,8
DA:74,8
DA:75,8
DA:76,8
DA:77,8
DA:78,8
DA:79,8
DA:80,8
DA:81,8
DA:82,8
DA:83,8
DA:84,8
DA:85,8
DA:86,8
DA:90,3
DA:92,8
DA:93,8
DA:94,8
DA:95,8
DA:96,8
DA:97,8
DA:98,8
DA:99,8
DA:100,8
DA:101,8
DA:102,8
DA:103,8
DA:104,8
DA:105,8
DA:106,8
DA:107,8
DA:108,8
DA:109,8
DA:110,8
DA:111,8
DA:112,8
DA:113,8
DA:114,8
DA:115,8
DA:116,8
DA:117,8
DA:118,8
DA:122,3
DA:124,93
DA:125,93
DA:129,3
DA:131,186
DA:132,186
DA:136,3
DA:138,7
DA:139,7
DA:140,7
DA:141,7
DA:142,7
DA:146,3
DA:148,7
DA:149,7
DA:150,7
DA:151,7
DA:152,7
DA:153,7
DA:157,3
DA:159,1
DA:160,1
DA:161,1
DA:162,1
DA:163,1
DA:164,1
DA:165,1
DA:169,3
DA:171,1
DA:172,1
DA:173,1
DA:174,1
DA:175,1
DA:176,1
DA:177,1
DA:178,1
LF:149
LH:149
BRF:0
BRH:0
end_of_record
TN:
SF:src/adapters/input/shopify/dto/ShopifyProductDTO.ts
FN:2,(anonymous_0)
FN:25,(anonymous_1)
FN:55,(anonymous_2)
FN:65,(anonymous_3)
FNF:4
FNH:4
FNDA:8,(anonymous_0)
FNDA:7,(anonymous_1)
FNDA:7,(anonymous_2)
FNDA:8,(anonymous_3)
DA:1,3
DA:3,8
DA:4,8
DA:5,8
DA:6,8
DA:7,8
DA:8,8
DA:9,8
DA:10,8
DA:11,8
DA:12,8
DA:13,8
DA:14,8
DA:15,8
DA:16,8
DA:17,8
DA:18,8
DA:19,8
DA:20,8
DA:24,3
DA:26,7
DA:27,7
DA:28,7
DA:29,7
DA:30,7
DA:31,7
DA:32,7
DA:33,7
DA:34,7
DA:35,7
DA:36,7
DA:37,7
DA:38,7
DA:39,7
DA:40,7
DA:41,7
DA:42,7
DA:43,7
DA:44,7
DA:45,7
DA:46,7
DA:47,7
DA:48,7
DA:49,7
DA:50,7
DA:54,3
DA:56,7
DA:57,7
DA:58,7
DA:59,7
DA:60,7
DA:64,3
DA:66,8
DA:67,8
DA:68,8
DA:69,8
DA:70,8
DA:71,8
DA:72,8
DA:73,8
DA:74,8
DA:75,8
LF:62
LH:62
BRF:0
BRH:0
end_of_record
TN:
SF:src/adapters/output/db/DatabaseRepository.ts
FN:13,(anonymous_0)
FN:18,(anonymous_1)
FN:29,(anonymous_2)
FN:30,(anonymous_3)
FN:51,(anonymous_4)
FN:53,(anonymous_5)
FN:93,(anonymous_6)
FN:108,(anonymous_7)
FN:119,(anonymous_8)
FN:120,(anonymous_9)
FN:129,(anonymous_10)
FN:135,(anonymous_11)
FN:136,(anonymous_12)
FN:141,(anonymous_13)
FNF:14
FNH:14
FNDA:2,(anonymous_0)
FNDA:1,(anonymous_1)
FNDA:3,(anonymous_2)
FNDA:2,(anonymous_3)
FNDA:2,(anonymous_4)
FNDA:1,(anonymous_5)
FNDA:1,(anonymous_6)
FNDA:2,(anonymous_7)
FNDA:3,(anonymous_8)
FNDA:4,(anonymous_9)
FNDA:1,(anonymous_10)
FNDA:1,(anonymous_11)
FNDA:2,(anonymous_12)
FNDA:3,(anonymous_13)
DA:1,3
DA:2,3
DA:3,3
DA:4,3
DA:8,3
DA:9,3
DA:12,3
DA:14,2
DA:15,2
DA:18,2
DA:19,1
DA:20,1
DA:24,1
DA:25,1
DA:30,3
DA:31,2
DA:52,2
DA:53,2
DA:54,1
DA:55,1
DA:59,1
DA:60,1
DA:63,1
DA:64,1
DA:65,1
DA:66,1
DA:67,1
DA:68,1
DA:69,1
DA:70,1
DA:71,1
DA:72,1
DA:73,1
DA:74,1
DA:75,1
DA:76,1
DA:77,1
DA:78,1
DA:79,1
DA:80,1
DA:81,1
DA:82,1
DA:83,1
DA:84,1
DA:85,1
DA:86,1
DA:87,1
DA:88,1
DA:89,1
DA:90,1
DA:92,1
DA:93,1
DA:97,1
DA:99,1
DA:103,1
DA:104,1
DA:109,2
DA:110,2
DA:112,2
DA:114,1
DA:115,1
DA:120,3
DA:121,4
DA:130,1
DA:132,1
DA:136,1
DA:137,2
DA:142,3
LF:68
LH:68
BRDA:41,0,0,0
BRDA:41,0,1,2
BRDA:42,1,0,0
BRDA:42,1,1,2
BRDA:43,2,0,2
BRDA:43,2,1,0
BRDA:59,3,0,1
BRDA:87,4,0,1
BRDA:87,4,1,0
BRDA:88,5,0,0
BRDA:88,5,1,1
BRDA:90,6,0,1
BRDA:90,6,1,0
BRDA:139,7,0,2
BRDA:139,7,1,0
BRDA:139,8,0,2
BRDA:139,8,1,2
BRDA:140,9,0,2
BRDA:140,9,1,0
BRDA:143,10,0,3
BRDA:143,10,1,0
BRF:21
BRH:12
end_of_record
TN:
SF:src/adapters/output/db/entities/ShopifyOrder.ts
FN:138,(anonymous_2)
FN:124,(anonymous_3)
FN:124,(anonymous_4)
FNF:3
FNH:1
FNDA:1,(anonymous_2)
FNDA:0,(anonymous_3)
FNDA:0,(anonymous_4)
DA:1,3
DA:2,3
DA:5,3
DA:7,3
DA:10,3
DA:13,3
DA:16,3
DA:19,3
DA:22,3
DA:25,3
DA:28,3
DA:31,3
DA:34,3
DA:37,3
DA:40,3
DA:43,3
DA:46,3
DA:49,3
DA:52,3
DA:55,3
DA:58,3
DA:61,3
DA:64,3
DA:67,3
DA:70,3
DA:73,3
DA:76,3
DA:79,3
DA:82,3
DA:85,3
DA:88,3
DA:91,3
DA:94,3
DA:97,3
DA:100,3
DA:103,3
DA:106,3
DA:109,3
DA:112,3
DA:115,3
DA:118,3
DA:121,3
DA:124,0
DA:136,3
DA:168,1
DA:169,1
DA:170,1
DA:171,1
DA:172,1
DA:173,1
DA:174,1
DA:175,1
DA:176,1
DA:177,1
DA:178,1
DA:179,1
DA:180,1
DA:181,1
DA:182,1
DA:183,1
DA:184,1
DA:185,1
DA:186,1
DA:187,1
DA:188,1
DA:189,1
DA:190,1
DA:191,1
DA:192,1
DA:193,1
DA:194,1
DA:195,1
LF:72
LH:71
BRF:0
BRH:0
end_of_record
TN:
SF:src/adapters/output/db/entities/ShopifyProduct.ts
FN:55,(anonymous_2)
FN:52,(anonymous_3)
FN:52,(anonymous_4)
FNF:3
FNH:1
FNDA:6,(anonymous_2)
FNDA:0,(anonymous_3)
FNDA:0,(anonymous_4)
DA:1,3
DA:2,3
DA:5,3
DA:7,3
DA:10,3
DA:13,3
DA:16,3
DA:19,3
DA:22,3
DA:25,3
DA:28,3
DA:31,3
DA:34,3
DA:37,3
DA:40,3
DA:43,3
DA:46,3
DA:49,3
DA:52,0
DA:53,3
DA:71,6
DA:72,6
DA:73,6
DA:74,6
DA:75,6
DA:76,6
DA:77,6
DA:78,6
DA:79,6
DA:80,6
DA:81,6
DA:82,6
DA:83,6
DA:84,6
LF:34
LH:33
BRDA:65,0,0,0
BRDA:66,1,0,0
BRDA:67,2,0,0
BRDA:68,3,0,0
BRDA:69,4,0,0
BRF:5
BRH:0
end_of_record
TN:
SF:src/config/typeOrmConfig.ts
FNF:0
FNH:0
DA:1,2
DA:3,2
LF:2
LH:2
BRF:0
BRH:0
end_of_record
TN:
SF:src/domain/entities/Order.ts
FN:7,(anonymous_0)
FN:13,(anonymous_1)
FN:21,(anonymous_2)
FN:25,(anonymous_3)
FNF:4
FNH:4
FNDA:12,(anonymous_0)
FNDA:2,(anonymous_1)
FNDA:13,(anonymous_2)
FNDA:2,(anonymous_3)
DA:1,5
DA:8,12
DA:9,12
DA:10,12
DA:14,2
DA:18,5
DA:22,13
DA:26,2
LF:8
LH:8
BRDA:26,0,0,2
BRDA:26,0,1,1
BRF:2
BRH:2
end_of_record
TN:
SF:src/domain/entities/Product.ts
FN:8,(anonymous_0)
FN:14,(anonymous_1)
FN:18,(anonymous_2)
FN:22,(anonymous_3)
FNF:4
FNH:4
FNDA:14,(anonymous_0)
FNDA:2,(anonymous_1)
FNDA:2,(anonymous_2)
FNDA:2,(anonymous_3)
DA:1,5
DA:3,5
DA:9,14
DA:10,14
DA:11,14
DA:15,2
DA:19,2
DA:23,2
LF:8
LH:8
BRDA:8,0,0,5
BRF:1
BRH:1
end_of_record
TN:
SF:src/usecases/GetOrdersUseCaseImpl.ts
FN:9,(anonymous_2)
FN:13,(anonymous_3)
FNF:2
FNH:2
FNDA:3,(anonymous_2)
FNDA:3,(anonymous_3)
DA:1,1
DA:2,1
DA:7,1
DA:10,3
DA:14,3
LF:5
LH:5
BRF:0
BRH:0
end_of_record
TN:
SF:src/usecases/GetProductsUseCaseImpl.ts
FN:9,(anonymous_2)
FN:13,(anonymous_3)
FNF:2
FNH:2
FNDA:3,(anonymous_2)
FNDA:3,(anonymous_3)
DA:1,1
DA:2,1
DA:7,1
DA:10,3
DA:14,3
LF:5
LH:5
BRF:0
BRH:0
end_of_record
TN:
SF:src/usecases/SyncOrdersUseCaseImpl.ts
FN:10,(anonymous_4)
FN:15,(anonymous_5)
FN:22,(anonymous_6)
FNF:3
FNH:3
FNDA:3,(anonymous_4)
FNDA:3,(anonymous_5)
FNDA:3,(anonymous_6)
DA:1,1
DA:8,1
DA:11,3
DA:12,3
DA:17,3
DA:18,3
DA:23,3
LF:7
LH:7
BRF:0
BRH:0
end_of_record
TN:
SF:src/usecases/SyncProductsUseCaseImpl.ts
FN:10,(anonymous_4)
FN:15,(anonymous_5)
FN:22,(anonymous_6)
FNF:3
FNH:3
FNDA:3,(anonymous_4)
FNDA:3,(anonymous_5)
FNDA:3,(anonymous_6)
DA:1,1
DA:8,1
DA:11,3
DA:12,3
DA:17,3
DA:18,3
DA:23,3
LF:7
LH:7
BRF:0
BRH:0
end_of_record
