TN:
SF:src/adapters/input/controllers/MiniRutterController.ts
FN:11,(anonymous_4)
FN:18,(anonymous_5)
FN:28,(anonymous_6)
FNF:3
FNH:3
FNDA:4,(anonymous_4)
FNDA:3,(anonymous_5)
FNDA:3,(anonymous_6)
DA:1,1
DA:2,1
DA:10,1
DA:12,4
DA:13,4
DA:18,1
DA:19,3
DA:20,3
DA:22,2
DA:23,2
DA:28,1
DA:29,3
DA:30,3
DA:32,2
DA:33,2
LF:15
LH:15
BRF:0
BRH:0
end_of_record
TN:
SF:src/adapters/input/controllers/ShopifySyncController.ts
FN:11,(anonymous_4)
FN:17,(anonymous_5)
FN:36,(anonymous_6)
FNF:3
FNH:3
FNDA:4,(anonymous_4)
FNDA:3,(anonymous_5)
FNDA:3,(anonymous_6)
DA:1,1
DA:2,1
DA:8,1
DA:12,4
DA:13,4
DA:17,1
DA:18,3
DA:19,3
DA:21,3
DA:22,2
DA:25,1
DA:30,2
DA:31,2
DA:36,1
DA:37,3
DA:38,3
DA:40,3
DA:41,2
DA:44,1
DA:49,2
DA:50,2
LF:21
LH:21
BRF:0
BRH:0
end_of_record
TN:
SF:src/adapters/input/shopify/ShopifyRepository.ts
FN:7,(anonymous_0)
FN:13,(anonymous_1)
FN:27,(anonymous_2)
FN:41,(anonymous_3)
FN:68,(anonymous_4)
FNF:5
FNH:5
FNDA:4,(anonymous_0)
FNDA:2,(anonymous_1)
FNDA:1,(anonymous_2)
FNDA:2,(anonymous_3)
FNDA:1,(anonymous_4)
DA:5,1
DA:7,1
DA:8,4
DA:9,4
DA:10,4
DA:11,4
DA:14,2
DA:16,2
DA:17,3
DA:18,3
DA:21,3
DA:24,3
DA:25,3
DA:27,1
DA:28,1
DA:29,1
DA:33,2
DA:37,3
DA:42,2
DA:44,2
DA:45,3
DA:46,3
DA:49,3
DA:52,3
DA:54,3
DA:55,1
DA:56,1
DA:58,2
DA:62,3
DA:65,3
DA:66,3
DA:68,1
DA:69,1
DA:70,1
DA:74,2
LF:35
LH:35
BRDA:25,0,0,1
BRDA:25,0,1,2
BRDA:25,1,0,3
BRDA:25,1,1,1
BRDA:28,2,0,1
BRDA:29,3,0,1
BRDA:29,3,1,0
BRDA:29,4,0,0
BRDA:29,4,1,1
BRDA:29,5,0,1
BRDA:29,5,1,1
BRDA:44,6,0,5
BRDA:44,6,1,3
BRDA:54,7,0,1
BRDA:54,7,1,2
BRDA:66,8,0,1
BRDA:66,8,1,2
BRDA:66,9,0,3
BRDA:66,9,1,1
BRDA:69,10,0,1
BRDA:70,11,0,1
BRDA:70,11,1,0
BRDA:70,12,0,0
BRDA:70,12,1,1
BRDA:70,13,0,1
BRDA:70,13,1,1
BRF:26
BRH:22
end_of_record
TN:
SF:src/adapters/input/shopify/dto/ShopifyOrderDTO.ts
FN:2,(anonymous_0)
FN:91,(anonymous_1)
FN:123,(anonymous_2)
FN:130,(anonymous_3)
FN:137,(anonymous_4)
FN:147,(anonymous_5)
FN:158,(anonymous_6)
FN:170,(anonymous_7)
FNF:8
FNH:8
FNDA:5,(anonymous_0)
FNDA:5,(anonymous_1)
FNDA:54,(anonymous_2)
FNDA:108,(anonymous_3)
FNDA:4,(anonymous_4)
FNDA:4,(anonymous_5)
FNDA:1,(anonymous_6)
FNDA:1,(anonymous_7)
DA:1,2
DA:3,5
DA:4,5
DA:5,5
DA:6,5
DA:7,5
DA:8,5
DA:9,5
DA:10,5
DA:11,5
DA:12,5
DA:13,5
DA:14,5
DA:15,5
DA:16,5
DA:17,5
DA:18,5
DA:19,5
DA:20,5
DA:21,5
DA:22,5
DA:23,5
DA:24,5
DA:25,5
DA:26,5
DA:27,5
DA:28,5
DA:29,5
DA:30,5
DA:31,5
DA:32,5
DA:33,5
DA:34,5
DA:35,5
DA:36,5
DA:37,5
DA:38,5
DA:39,5
DA:40,5
DA:41,5
DA:42,5
DA:43,5
DA:44,5
DA:45,5
DA:46,5
DA:47,5
DA:48,5
DA:49,5
DA:50,5
DA:51,5
DA:52,5
DA:53,5
DA:54,5
DA:55,5
DA:56,5
DA:57,5
DA:58,5
DA:59,5
DA:60,5
DA:61,5
DA:62,5
DA:63,5
DA:64,5
DA:65,5
DA:66,5
DA:67,5
DA:68,5
DA:69,5
DA:70,5
DA:71,5
DA:72,5
DA:73,5
DA:74,5
DA:75,5
DA:76,5
DA:77,5
DA:78,5
DA:79,5
DA:80,5
DA:81,5
DA:82,5
DA:83,5
DA:84,5
DA:85,5
DA:86,5
DA:90,2
DA:92,5
DA:93,5
DA:94,5
DA:95,5
DA:96,5
DA:97,5
DA:98,5
DA:99,5
DA:100,5
DA:101,5
DA:102,5
DA:103,5
DA:104,5
DA:105,5
DA:106,5
DA:107,5
DA:108,5
DA:109,5
DA:110,5
DA:111,5
DA:112,5
DA:113,5
DA:114,5
DA:115,5
DA:116,5
DA:117,5
DA:118,5
DA:122,2
DA:124,54
DA:125,54
DA:129,2
DA:131,108
DA:132,108
DA:136,2
DA:138,4
DA:139,4
DA:140,4
DA:141,4
DA:142,4
DA:146,2
DA:148,4
DA:149,4
DA:150,4
DA:151,4
DA:152,4
DA:153,4
DA:157,2
DA:159,1
DA:160,1
DA:161,1
DA:162,1
DA:163,1
DA:164,1
DA:165,1
DA:169,2
DA:171,1
DA:172,1
DA:173,1
DA:174,1
DA:175,1
DA:176,1
DA:177,1
DA:178,1
LF:149
LH:149
BRF:0
BRH:0
end_of_record
TN:
SF:src/adapters/input/shopify/dto/ShopifyProductDTO.ts
FN:2,(anonymous_0)
FN:25,(anonymous_1)
FN:55,(anonymous_2)
FN:65,(anonymous_3)
FNF:4
FNH:4
FNDA:5,(anonymous_0)
FNDA:4,(anonymous_1)
FNDA:4,(anonymous_2)
FNDA:5,(anonymous_3)
DA:1,2
DA:3,5
DA:4,5
DA:5,5
DA:6,5
DA:7,5
DA:8,5
DA:9,5
DA:10,5
DA:11,5
DA:12,5
DA:13,5
DA:14,5
DA:15,5
DA:16,5
DA:17,5
DA:18,5
DA:19,5
DA:20,5
DA:24,2
DA:26,4
DA:27,4
DA:28,4
DA:29,4
DA:30,4
DA:31,4
DA:32,4
DA:33,4
DA:34,4
DA:35,4
DA:36,4
DA:37,4
DA:38,4
DA:39,4
DA:40,4
DA:41,4
DA:42,4
DA:43,4
DA:44,4
DA:45,4
DA:46,4
DA:47,4
DA:48,4
DA:49,4
DA:50,4
DA:54,2
DA:56,4
DA:57,4
DA:58,4
DA:59,4
DA:60,4
DA:64,2
DA:66,5
DA:67,5
DA:68,5
DA:69,5
DA:70,5
DA:71,5
DA:72,5
DA:73,5
DA:74,5
DA:75,5
LF:62
LH:62
BRF:0
BRH:0
end_of_record
TN:
SF:src/adapters/output/db/DatabaseRepository.ts
FN:13,(anonymous_0)
FN:18,(anonymous_1)
FN:29,(anonymous_2)
FN:30,(anonymous_3)
FN:51,(anonymous_4)
FN:53,(anonymous_5)
FN:93,(anonymous_6)
FN:108,(anonymous_7)
FN:119,(anonymous_8)
FN:120,(anonymous_9)
FN:129,(anonymous_10)
FN:135,(anonymous_11)
FN:136,(anonymous_12)
FN:141,(anonymous_13)
FNF:14
FNH:14
FNDA:2,(anonymous_0)
FNDA:1,(anonymous_1)
FNDA:3,(anonymous_2)
FNDA:2,(anonymous_3)
FNDA:2,(anonymous_4)
FNDA:1,(anonymous_5)
FNDA:1,(anonymous_6)
FNDA:2,(anonymous_7)
FNDA:3,(anonymous_8)
FNDA:4,(anonymous_9)
FNDA:1,(anonymous_10)
FNDA:1,(anonymous_11)
FNDA:2,(anonymous_12)
FNDA:3,(anonymous_13)
DA:1,1
DA:2,1
DA:3,1
DA:4,1
DA:8,1
DA:9,1
DA:12,1
DA:14,2
DA:15,2
DA:18,2
DA:19,1
DA:20,1
DA:24,1
DA:25,1
DA:30,3
DA:31,2
DA:52,2
DA:53,2
DA:54,1
DA:55,1
DA:59,1
DA:60,1
DA:63,1
DA:64,1
DA:65,1
DA:66,1
DA:67,1
DA:68,1
DA:69,1
DA:70,1
DA:71,1
DA:72,1
DA:73,1
DA:74,1
DA:75,1
DA:76,1
DA:77,1
DA:78,1
DA:79,1
DA:80,1
DA:81,1
DA:82,1
DA:83,1
DA:84,1
DA:85,1
DA:86,1
DA:87,1
DA:88,1
DA:89,1
DA:90,1
DA:92,1
DA:93,1
DA:97,1
DA:99,1
DA:103,1
DA:104,1
DA:109,2
DA:110,2
DA:112,2
DA:114,1
DA:115,1
DA:120,3
DA:121,4
DA:130,1
DA:132,1
DA:136,1
DA:137,2
DA:142,3
LF:68
LH:68
BRDA:41,0,0,0
BRDA:41,0,1,2
BRDA:42,1,0,0
BRDA:42,1,1,2
BRDA:43,2,0,2
BRDA:43,2,1,0
BRDA:59,3,0,1
BRDA:87,4,0,1
BRDA:87,4,1,0
BRDA:88,5,0,0
BRDA:88,5,1,1
BRDA:90,6,0,1
BRDA:90,6,1,0
BRDA:139,7,0,2
BRDA:139,7,1,0
BRDA:139,8,0,2
BRDA:139,8,1,2
BRDA:140,9,0,2
BRDA:140,9,1,0
BRDA:143,10,0,3
BRDA:143,10,1,0
BRF:21
BRH:12
end_of_record
TN:
SF:src/adapters/output/db/entities/ShopifyOrder.ts
FN:138,(anonymous_2)
FN:124,(anonymous_3)
FN:124,(anonymous_4)
FNF:3
FNH:1
FNDA:1,(anonymous_2)
FNDA:0,(anonymous_3)
FNDA:0,(anonymous_4)
DA:1,1
DA:2,1
DA:5,1
DA:7,1
DA:10,1
DA:13,1
DA:16,1
DA:19,1
DA:22,1
DA:25,1
DA:28,1
DA:31,1
DA:34,1
DA:37,1
DA:40,1
DA:43,1
DA:46,1
DA:49,1
DA:52,1
DA:55,1
DA:58,1
DA:61,1
DA:64,1
DA:67,1
DA:70,1
DA:73,1
DA:76,1
DA:79,1
DA:82,1
DA:85,1
DA:88,1
DA:91,1
DA:94,1
DA:97,1
DA:100,1
DA:103,1
DA:106,1
DA:109,1
DA:112,1
DA:115,1
DA:118,1
DA:121,1
DA:124,0
DA:136,1
DA:168,1
DA:169,1
DA:170,1
DA:171,1
DA:172,1
DA:173,1
DA:174,1
DA:175,1
DA:176,1
DA:177,1
DA:178,1
DA:179,1
DA:180,1
DA:181,1
DA:182,1
DA:183,1
DA:184,1
DA:185,1
DA:186,1
DA:187,1
DA:188,1
DA:189,1
DA:190,1
DA:191,1
DA:192,1
DA:193,1
DA:194,1
DA:195,1
LF:72
LH:71
BRF:0
BRH:0
end_of_record
TN:
SF:src/adapters/output/db/entities/ShopifyProduct.ts
FN:55,(anonymous_2)
FN:52,(anonymous_3)
FN:52,(anonymous_4)
FNF:3
FNH:1
FNDA:6,(anonymous_2)
FNDA:0,(anonymous_3)
FNDA:0,(anonymous_4)
DA:1,1
DA:2,1
DA:5,1
DA:7,1
DA:10,1
DA:13,1
DA:16,1
DA:19,1
DA:22,1
DA:25,1
DA:28,1
DA:31,1
DA:34,1
DA:37,1
DA:40,1
DA:43,1
DA:46,1
DA:49,1
DA:52,0
DA:53,1
DA:71,6
DA:72,6
DA:73,6
DA:74,6
DA:75,6
DA:76,6
DA:77,6
DA:78,6
DA:79,6
DA:80,6
DA:81,6
DA:82,6
DA:83,6
DA:84,6
LF:34
LH:33
BRDA:65,0,0,0
BRDA:66,1,0,0
BRDA:67,2,0,0
BRDA:68,3,0,0
BRDA:69,4,0,0
BRF:5
BRH:0
end_of_record
TN:
SF:src/domain/entities/Order.ts
FN:7,(anonymous_0)
FN:13,(anonymous_1)
FN:21,(anonymous_2)
FN:25,(anonymous_3)
FNF:4
FNH:4
FNDA:10,(anonymous_0)
FNDA:2,(anonymous_1)
FNDA:13,(anonymous_2)
FNDA:2,(anonymous_3)
DA:1,3
DA:8,10
DA:9,10
DA:10,10
DA:14,2
DA:18,3
DA:22,13
DA:26,2
LF:8
LH:8
BRDA:26,0,0,2
BRDA:26,0,1,1
BRF:2
BRH:2
end_of_record
TN:
SF:src/domain/entities/Product.ts
FN:8,(anonymous_0)
FN:14,(anonymous_1)
FN:18,(anonymous_2)
FN:22,(anonymous_3)
FNF:4
FNH:4
FNDA:12,(anonymous_0)
FNDA:2,(anonymous_1)
FNDA:2,(anonymous_2)
FNDA:2,(anonymous_3)
DA:1,3
DA:3,3
DA:9,12
DA:10,12
DA:11,12
DA:15,2
DA:19,2
DA:23,2
LF:8
LH:8
BRDA:8,0,0,5
BRF:1
BRH:1
end_of_record
